{"level":"info","ts":1742675634.379334,"caller":"telemetry/metrics.go:52","msg":"Expected Metrics registered successfully"}
{"level":"info","ts":1742675634.3795912,"caller":"telemetry/metrics.go:62","msg":"Starting metrics server on port ..."}
{"level":"info","ts":1742675634.3810065,"caller":"redis/redis.go:35","msg":"Connected to Redis"}
{"level":"info","ts":1742675634.3813794,"caller":"transcodeflow/main.go:47","msg":"Starting application","mode":"server"}
{"level":"info","ts":1742675634.3815858,"caller":"api/server.go:56","msg":"Starting server","port":"8082"}
{"level":"error","ts":1742675639.3881292,"caller":"telemetry/metrics.go:44","msg":"System error: Failed to register QueuePushCounter","error":"duplicate metrics collector registration attempted","stacktrace":"transcodeflow/internal/telemetry.NewDefaultMetricsClient\n\t/workspace/internal/telemetry/metrics.go:44\ncommand-line-arguments.main\n\t/workspace/cmd/transcodeflow/main.go:21"}
{"level":"fatal","ts":1742675639.3908126,"caller":"transcodeflow/main.go:23","msg":"Failed to initialize metrics","error":"duplicate metrics collector registration attempted","stacktrace":"command-line-arguments.main\n\t/workspace/cmd/transcodeflow/main.go:23"}
{"level":"info","ts":1742675887.612106,"caller":"telemetry/metrics.go:52","msg":"Expected Metrics registered successfully"}
{"level":"info","ts":1742675887.6125371,"caller":"telemetry/metrics.go:62","msg":"Starting metrics server on port ..."}
{"level":"info","ts":1742675887.6190336,"caller":"redis/redis.go:35","msg":"Connected to Redis"}
{"level":"info","ts":1742675887.619687,"caller":"transcodeflow/main.go:47","msg":"Starting application","mode":"server"}
{"level":"info","ts":1742675887.619905,"caller":"api/server.go:56","msg":"Starting server","port":"8082"}
{"level":"info","ts":1742675892.6236255,"caller":"redis/redis.go:47","msg":"Job enqueued in Redis","queue":"jobs"}
{"level":"info","ts":1742683173.2812374,"caller":"telemetry/metrics.go:52","msg":"Expected Metrics registered successfully"}
{"level":"info","ts":1742683173.2815857,"caller":"telemetry/metrics.go:62","msg":"Starting metrics server on port ..."}
{"level":"info","ts":1742683173.2830992,"caller":"redis/redis.go:35","msg":"Connected to Redis"}
{"level":"info","ts":1742683173.2835867,"caller":"transcodeflow/main.go:47","msg":"Starting application","mode":"server"}
{"level":"info","ts":1742683173.2840114,"caller":"api/server.go:56","msg":"Starting server","port":"8082"}
{"level":"error","ts":1742683178.283743,"caller":"telemetry/metrics.go:44","msg":"System error: Failed to register QueuePushCounter","error":"duplicate metrics collector registration attempted","stacktrace":"transcodeflow/internal/telemetry.NewDefaultMetricsClient\n\t/workspace/internal/telemetry/metrics.go:44\ncommand-line-arguments.main\n\t/workspace/cmd/transcodeflow/main.go:21"}
{"level":"fatal","ts":1742683178.2840278,"caller":"transcodeflow/main.go:23","msg":"Failed to initialize metrics","error":"duplicate metrics collector registration attempted","stacktrace":"command-line-arguments.main\n\t/workspace/cmd/transcodeflow/main.go:23"}
{"level":"info","ts":1742683220.0309584,"caller":"telemetry/metrics.go:52","msg":"Expected Metrics registered successfully"}
{"level":"info","ts":1742683220.031269,"caller":"telemetry/metrics.go:62","msg":"Starting metrics server on port ..."}
{"level":"info","ts":1742683220.0330768,"caller":"redis/redis.go:35","msg":"Connected to Redis"}
{"level":"info","ts":1742683220.0340457,"caller":"transcodeflow/main.go:47","msg":"Starting application","mode":"server"}
{"level":"info","ts":1742683220.0345516,"caller":"api/server.go:56","msg":"Starting server","port":"8082"}
{"level":"info","ts":1742683256.4321647,"caller":"telemetry/metrics.go:52","msg":"Expected Metrics registered successfully"}
{"level":"info","ts":1742683256.4325638,"caller":"telemetry/metrics.go:62","msg":"Starting metrics server on port ..."}
{"level":"info","ts":1742683256.4336383,"caller":"redis/redis.go:35","msg":"Connected to Redis"}
{"level":"info","ts":1742683256.4343646,"caller":"transcodeflow/main.go:47","msg":"Starting application","mode":"server"}
{"level":"info","ts":1742683256.434643,"caller":"api/server.go:56","msg":"Starting server","port":"8082"}
{"level":"info","ts":1742683261.435345,"caller":"redis/redis.go:47","msg":"Job enqueued in Redis","queue":"jobs"}
{"level":"info","ts":1742683269.680432,"caller":"telemetry/metrics.go:52","msg":"Expected Metrics registered successfully"}
{"level":"info","ts":1742683269.6807446,"caller":"telemetry/metrics.go:62","msg":"Starting metrics server on port ..."}
{"level":"info","ts":1742683269.6816623,"caller":"redis/redis.go:35","msg":"Connected to Redis"}
{"level":"info","ts":1742683269.6821954,"caller":"transcodeflow/main.go:47","msg":"Starting application","mode":"server"}
{"level":"info","ts":1742683269.6824412,"caller":"api/server.go:56","msg":"Starting server","port":"8082"}
{"level":"info","ts":1742683274.6839232,"caller":"redis/redis.go:47","msg":"Job enqueued in Redis","queue":"jobs"}
{"level":"info","ts":1742683523.614608,"caller":"telemetry/metrics.go:52","msg":"Expected Metrics registered successfully"}
{"level":"info","ts":1742683523.615833,"caller":"telemetry/metrics.go:62","msg":"Starting metrics server on port ..."}
{"level":"info","ts":1742684431.358896,"caller":"telemetry/metrics.go:52","msg":"Expected Metrics registered successfully"}
{"level":"info","ts":1742684431.3591673,"caller":"telemetry/metrics.go:62","msg":"Starting metrics server on port ..."}
{"level":"info","ts":1742684431.3604684,"caller":"redis/redis.go:35","msg":"Connected to Redis"}
{"level":"info","ts":1742684431.3612022,"caller":"transcodeflow/main.go:47","msg":"Starting application","mode":"server"}
{"level":"info","ts":1742684431.3614523,"caller":"api/server.go:56","msg":"Starting server","port":"8082"}
{"level":"info","ts":1742684436.3640645,"caller":"redis/redis.go:47","msg":"Job enqueued in Redis","queue":"jobs"}
{"level":"info","ts":1742684932.006049,"caller":"telemetry/metrics.go:52","msg":"Expected Metrics registered successfully"}
{"level":"info","ts":1742684932.0068915,"caller":"telemetry/metrics.go:62","msg":"Starting metrics server on port ..."}
{"level":"info","ts":1742684932.0153203,"caller":"redis/redis.go:35","msg":"Connected to Redis"}
{"level":"info","ts":1742684932.0158427,"caller":"transcodeflow/main.go:47","msg":"Starting application","mode":"server"}
{"level":"info","ts":1742684932.0160494,"caller":"api/server.go:56","msg":"Starting server","port":"8082"}
{"level":"info","ts":1742684937.0190535,"caller":"redis/redis.go:47","msg":"Job enqueued in Redis","queue":"jobs"}
{"level":"info","ts":1742685152.433166,"caller":"telemetry/metrics.go:52","msg":"Expected Metrics registered successfully"}
{"level":"info","ts":1742685152.4336865,"caller":"telemetry/metrics.go:62","msg":"Starting metrics server on port ..."}
{"level":"info","ts":1742685152.4402955,"caller":"redis/redis.go:35","msg":"Connected to Redis"}
{"level":"info","ts":1742685152.441232,"caller":"transcodeflow/main.go:47","msg":"Starting application","mode":"server"}
{"level":"info","ts":1742685152.4414632,"caller":"api/server.go:56","msg":"Starting server","port":"8082"}
{"level":"info","ts":1742685195.8054907,"caller":"redis/redis.go:47","msg":"Job enqueued in Redis","queue":"jobs"}
{"level":"info","ts":1742834841.0427904,"caller":"telemetry/metrics.go:52","msg":"Expected Metrics registered successfully"}
{"level":"info","ts":1742834895.8787532,"caller":"telemetry/metrics.go:52","msg":"Expected Metrics registered successfully"}
{"level":"info","ts":1742834895.8790262,"caller":"telemetry/metrics.go:62","msg":"Starting metrics server on port ..."}
{"level":"info","ts":1742834895.880602,"caller":"redis/redis.go:35","msg":"Connected to Redis"}
{"level":"info","ts":1742834895.8812623,"caller":"transcodeflow/main.go:47","msg":"Starting application","mode":"server"}
{"level":"info","ts":1742834895.881533,"caller":"api/server.go:56","msg":"Starting server","port":"8080"}
{"level":"info","ts":1742834983.2406318,"caller":"telemetry/metrics.go:52","msg":"Expected Metrics registered successfully"}
{"level":"info","ts":1742834983.2410371,"caller":"telemetry/metrics.go:62","msg":"Starting metrics server on port ..."}
{"level":"info","ts":1742834983.242174,"caller":"redis/redis.go:35","msg":"Connected to Redis"}
{"level":"info","ts":1742834983.2425876,"caller":"transcodeflow/main.go:47","msg":"Starting application","mode":"worker"}
{"level":"info","ts":1742834983.2437837,"caller":"redis/redis.go:63","msg":"Job dequeued from Redis","queue":"jobs"}
{"level":"info","ts":1742834983.2440517,"caller":"worker/worker.go:62","msg":"Dequeued job","worker_ID":3}
{"level":"error","ts":1742834983.2442594,"caller":"worker/worker.go:42","msg":"json: Unmarshal(nil *model.Job)","stacktrace":"transcodeflow/internal/worker.(*WorkerService).Start.func1\n\t/workspace/internal/worker/worker.go:42"}
{"level":"info","ts":1742834983.2440557,"caller":"redis/redis.go:63","msg":"Job dequeued from Redis","queue":"jobs"}
{"level":"info","ts":1742834983.2446067,"caller":"worker/worker.go:62","msg":"Dequeued job","worker_ID":2}
{"level":"error","ts":1742834983.2447848,"caller":"worker/worker.go:42","msg":"json: Unmarshal(nil *model.Job)","stacktrace":"transcodeflow/internal/worker.(*WorkerService).Start.func1\n\t/workspace/internal/worker/worker.go:42"}
{"level":"info","ts":1742834983.243856,"caller":"redis/redis.go:63","msg":"Job dequeued from Redis","queue":"jobs"}
{"level":"info","ts":1742834983.245143,"caller":"worker/worker.go:62","msg":"Dequeued job","worker_ID":0}
{"level":"info","ts":1742834983.2436993,"caller":"redis/redis.go:63","msg":"Job dequeued from Redis","queue":"jobs"}
{"level":"info","ts":1742834983.2440894,"caller":"redis/redis.go:63","msg":"Job dequeued from Redis","queue":"jobs"}
{"level":"error","ts":1742834983.2454123,"caller":"worker/worker.go:42","msg":"json: Unmarshal(nil *model.Job)","stacktrace":"transcodeflow/internal/worker.(*WorkerService).Start.func1\n\t/workspace/internal/worker/worker.go:42"}
{"level":"info","ts":1742834983.245713,"caller":"worker/worker.go:62","msg":"Dequeued job","worker_ID":4}
{"level":"error","ts":1742834983.2462757,"caller":"worker/worker.go:42","msg":"json: Unmarshal(nil *model.Job)","stacktrace":"transcodeflow/internal/worker.(*WorkerService).Start.func1\n\t/workspace/internal/worker/worker.go:42"}
{"level":"info","ts":1742834983.245898,"caller":"worker/worker.go:62","msg":"Dequeued job","worker_ID":1}
{"level":"error","ts":1742834983.2467387,"caller":"worker/worker.go:42","msg":"json: Unmarshal(nil *model.Job)","stacktrace":"transcodeflow/internal/worker.(*WorkerService).Start.func1\n\t/workspace/internal/worker/worker.go:42"}
{"level":"info","ts":1742834983.2469356,"caller":"redis/redis.go:75","msg":"Redis client closed"}
{"level":"info","ts":1742836070.060198,"caller":"telemetry/metrics.go:52","msg":"Expected Metrics registered successfully"}
{"level":"info","ts":1742836070.0606825,"caller":"telemetry/metrics.go:62","msg":"Starting metrics server on port ..."}
{"level":"info","ts":1742836070.0675545,"caller":"redis/redis.go:35","msg":"Connected to Redis"}
{"level":"info","ts":1742836070.0707576,"caller":"transcodeflow/main.go:47","msg":"Starting application","mode":"worker"}
{"level":"info","ts":1742836070.0719414,"caller":"redis/redis.go:63","msg":"Job dequeued from Redis","queue":"jobs"}
{"level":"info","ts":1742836070.0721266,"caller":"worker/worker.go:62","msg":"Dequeued job","worker_ID":1}
{"level":"info","ts":1742836070.0725255,"caller":"redis/redis.go:63","msg":"Job dequeued from Redis","queue":"jobs"}
{"level":"info","ts":1742836079.8740907,"caller":"worker/worker.go:62","msg":"Dequeued job","worker_ID":3}
{"level":"info","ts":1742836079.8754272,"caller":"redis/redis.go:63","msg":"Job dequeued from Redis","queue":"jobs"}
{"level":"info","ts":1742836079.8758996,"caller":"worker/worker.go:62","msg":"Dequeued job","worker_ID":4}
{"level":"info","ts":1742836079.8954535,"caller":"redis/redis.go:63","msg":"Job dequeued from Redis","queue":"jobs"}
{"level":"info","ts":1742836145.1382425,"caller":"worker/worker.go:62","msg":"Dequeued job","worker_ID":0}
{"level":"info","ts":1742836183.8101,"caller":"telemetry/metrics.go:52","msg":"Expected Metrics registered successfully"}
{"level":"info","ts":1742836183.810588,"caller":"telemetry/metrics.go:62","msg":"Starting metrics server on port ..."}
{"level":"info","ts":1742836183.8175004,"caller":"redis/redis.go:35","msg":"Connected to Redis"}
{"level":"info","ts":1742836183.8183885,"caller":"transcodeflow/main.go:47","msg":"Starting application","mode":"worker"}
{"level":"info","ts":1742836242.43824,"caller":"telemetry/metrics.go:52","msg":"Expected Metrics registered successfully"}
{"level":"info","ts":1742836242.4387503,"caller":"telemetry/metrics.go:62","msg":"Starting metrics server on port ..."}
{"level":"info","ts":1742836242.4402547,"caller":"redis/redis.go:35","msg":"Connected to Redis"}
{"level":"info","ts":1742836242.4406323,"caller":"transcodeflow/main.go:47","msg":"Starting application","mode":"server"}
{"level":"info","ts":1742836242.440902,"caller":"api/server.go:56","msg":"Starting server","port":"8082"}
{"level":"info","ts":1742836247.440716,"caller":"redis/redis.go:47","msg":"Job enqueued in Redis","queue":"jobs"}
{"level":"info","ts":1742836400.5323503,"caller":"telemetry/metrics.go:52","msg":"Expected Metrics registered successfully"}
{"level":"info","ts":1742836400.5329614,"caller":"telemetry/metrics.go:62","msg":"Starting metrics server on port ..."}
{"level":"info","ts":1742836400.5413666,"caller":"redis/redis.go:35","msg":"Connected to Redis"}
{"level":"info","ts":1742836400.5418622,"caller":"transcodeflow/main.go:47","msg":"Starting application","mode":"worker"}
{"level":"info","ts":1742836400.5421846,"caller":"redis/redis.go:63","msg":"Job dequeued from Redis","queue":"jobs"}
{"level":"info","ts":1742836400.5423706,"caller":"worker/worker.go:62","msg":"Dequeued job","worker_ID":3}
{"level":"info","ts":1742836400.542697,"caller":"redis/redis.go:63","msg":"Job dequeued from Redis","queue":"jobs"}
{"level":"info","ts":1742836400.5429406,"caller":"worker/worker.go:62","msg":"Dequeued job","worker_ID":0}
{"level":"info","ts":1742836400.5432243,"caller":"redis/redis.go:63","msg":"Job dequeued from Redis","queue":"jobs"}
{"level":"info","ts":1742836418.4521534,"caller":"worker/worker.go:62","msg":"Dequeued job","worker_ID":4}
{"level":"info","ts":1742836661.3955297,"caller":"telemetry/metrics.go:52","msg":"Expected Metrics registered successfully"}
{"level":"info","ts":1742836661.3959713,"caller":"telemetry/metrics.go:62","msg":"Starting metrics server on port ..."}
{"level":"info","ts":1742836661.3973818,"caller":"redis/redis.go:35","msg":"Connected to Redis"}
{"level":"info","ts":1742836661.397978,"caller":"transcodeflow/main.go:47","msg":"Starting application","mode":"worker"}
{"level":"info","ts":1742836661.3984523,"caller":"redis/redis.go:63","msg":"Job dequeued from Redis","queue":"jobs"}
{"level":"info","ts":1742836661.398703,"caller":"worker/worker.go:62","msg":"Dequeued job","worker_ID":0}
{"level":"error","ts":1742836661.3990195,"caller":"worker/worker.go:42","msg":"Error: {%!e(string={\"input_file_path\":\"input.mp4\",\"output_file_path\":\"output.mp4\",\"input_container_type\":\"mp4\",\"output_container_type\":\"mp4\",\"dry_run\":\"true\"}) %!e(*json.InvalidUnmarshalError=&{0x997ec0})}","stacktrace":"transcodeflow/internal/worker.(*WorkerService).Start.func1\n\t/workspace/internal/worker/worker.go:42"}
{"level":"info","ts":1742836661.3992171,"caller":"redis/redis.go:75","msg":"Redis client closed"}
{"level":"info","ts":1742836793.2763052,"caller":"telemetry/metrics.go:52","msg":"Expected Metrics registered successfully"}
{"level":"info","ts":1742836793.276844,"caller":"telemetry/metrics.go:62","msg":"Starting metrics server on port ..."}
{"level":"info","ts":1742836793.2849977,"caller":"redis/redis.go:35","msg":"Connected to Redis"}
{"level":"info","ts":1742836793.2857273,"caller":"transcodeflow/main.go:47","msg":"Starting application","mode":"worker"}
{"level":"info","ts":1742836793.2862253,"caller":"redis/redis.go:63","msg":"Job dequeued from Redis","queue":"jobs"}
{"level":"info","ts":1742836793.2864408,"caller":"worker/worker.go:62","msg":"Dequeued job","worker_ID":0}
{"level":"error","ts":1742836863.4838738,"caller":"worker/worker.go:42","msg":"Error: {%!e(string={\"input_file_path\":\"input.mp4\",\"output_file_path\":\"output.mp4\",\"input_container_type\":\"mp4\",\"output_container_type\":\"mp4\",\"dry_run\":\"true\"}) %!e(*json.InvalidUnmarshalError=&{0xccc1e0})}","stacktrace":"transcodeflow/internal/worker.(*WorkerService).Start.func1\n\t/workspace/internal/worker/worker.go:42"}
{"level":"info","ts":1742836963.9362793,"caller":"telemetry/metrics.go:52","msg":"Expected Metrics registered successfully"}
{"level":"info","ts":1742836963.9365227,"caller":"telemetry/metrics.go:62","msg":"Starting metrics server on port ..."}
{"level":"info","ts":1742836963.9380538,"caller":"redis/redis.go:35","msg":"Connected to Redis"}
{"level":"info","ts":1742836963.938697,"caller":"transcodeflow/main.go:47","msg":"Starting application","mode":"worker"}
{"level":"info","ts":1742836963.9392154,"caller":"redis/redis.go:63","msg":"Job dequeued from Redis","queue":"jobs"}
{"level":"info","ts":1742836963.9394677,"caller":"worker/worker.go:62","msg":"Dequeued job","worker_ID":0}
{"level":"info","ts":1742836989.521416,"caller":"telemetry/metrics.go:52","msg":"Expected Metrics registered successfully"}
{"level":"info","ts":1742836989.5221152,"caller":"telemetry/metrics.go:62","msg":"Starting metrics server on port ..."}
{"level":"info","ts":1742836989.5290253,"caller":"redis/redis.go:35","msg":"Connected to Redis"}
{"level":"info","ts":1742836989.5298405,"caller":"transcodeflow/main.go:47","msg":"Starting application","mode":"worker"}
{"level":"info","ts":1742836989.5301845,"caller":"redis/redis.go:63","msg":"Job dequeued from Redis","queue":"jobs"}
{"level":"info","ts":1742836989.530388,"caller":"worker/worker.go:62","msg":"Dequeued job","worker_ID":0}
